<?xml version="1.0" encoding="UTF-8"?>
<!-- Generated by org.testng.reporters.JUnitXMLReporter -->
<testsuite hostname="HIBACL44126" ignored="0" name="Default test" tests="3" failures="0" timestamp="23 Oct 2018 13:59:54 GMT" time="0.081" errors="0">
  <testcase name="alaunchingBrowser" time="0.016" classname="Academy.TrycatchDemo"/>
  <testcase name="badding" time="0.006" classname="Academy.TrycatchDemo"/>
  <testcase name="closingBrowser" time="0.003" classname="Academy.TrycatchDemo"/>
</testsuite> <!-- Default test -->
