<?xml version="1.0" encoding="UTF-8"?>
<!-- Generated by org.testng.reporters.JUnitXMLReporter -->
<testsuite hostname="HIBACL44126" ignored="0" name="Test" tests="3" failures="1" timestamp="30 Sep 2018 13:44:39 GMT" time="64.561" errors="0">
  <testcase name="titlevalidation" time="0.195" classname="Academy.TitleValidationTest">
    <failure type="java.lang.AssertionError" message="expected [FEATURED COURSES] but found [FEATURED COURSES123]">
      <![CDATA[java.lang.AssertionError: expected [FEATURED COURSES] but found [FEATURED COURSES123]
at Academy.TitleValidationTest.titlevalidation(TitleValidationTest.java:42)
... Removed 31 stack frames]]>
    </failure>
  </testcase> <!-- titlevalidation -->
  <testcase name="basepagenavigation" time="10.208" classname="Academy.HomePageTest"/>
  <testcase name="basepagenavigation" time="10.229" classname="Academy.HomePageTest"/>
</testsuite> <!-- Test -->
