-------------------------------------------------------------------------------
Test set: TestSuite
-------------------------------------------------------------------------------
Tests run: 3, Failures: 1, Errors: 0, Skipped: 0, Time elapsed: 73.539 s <<< FAILURE! - in TestSuite
titlevalidation(Academy.TitleValidationTest)  Time elapsed: 0.225 s  <<< FAILURE!
java.lang.AssertionError: expected [FEATURED COURSES] but found [FEATURED COURSES123]
	at Academy.TitleValidationTest.titlevalidation(TitleValidationTest.java:42)

