<?xml version="1.0" encoding="UTF-8"?>
<testng-results skipped="0" failed="0" ignored="0" total="3" passed="3">
  <reporter-output>
  </reporter-output>
  <suite name="Default suite" duration-ms="81" started-at="2018-10-23T13:59:53Z" finished-at="2018-10-23T13:59:53Z">
    <groups>
    </groups>
    <test name="Default test" duration-ms="81" started-at="2018-10-23T13:59:53Z" finished-at="2018-10-23T13:59:53Z">
      <class name="Academy.TrycatchDemo">
        <test-method status="PASS" signature="alaunchingBrowser()[pri:0, instance:Academy.TrycatchDemo@77caeb3e]" name="alaunchingBrowser" duration-ms="16" started-at="2018-10-23T13:59:53Z" finished-at="2018-10-23T13:59:53Z">
          <reporter-output>
          </reporter-output>
        </test-method> <!-- alaunchingBrowser -->
        <test-method status="PASS" signature="badding()[pri:0, instance:Academy.TrycatchDemo@77caeb3e]" name="badding" duration-ms="6" started-at="2018-10-23T13:59:53Z" finished-at="2018-10-23T13:59:53Z">
          <reporter-output>
          </reporter-output>
        </test-method> <!-- badding -->
        <test-method status="PASS" signature="closingBrowser()[pri:0, instance:Academy.TrycatchDemo@77caeb3e]" name="closingBrowser" duration-ms="3" started-at="2018-10-23T13:59:53Z" finished-at="2018-10-23T13:59:53Z">
          <reporter-output>
          </reporter-output>
        </test-method> <!-- closingBrowser -->
      </class> <!-- Academy.TrycatchDemo -->
    </test> <!-- Default test -->
  </suite> <!-- Default suite -->
</testng-results>
